TN:
SF:src\controllers\BaseController.ts
FN:28,(anonymous_0)
FN:44,(anonymous_1)
FN:58,(anonymous_2)
FN:70,(anonymous_3)
FN:82,(anonymous_4)
FN:94,(anonymous_5)
FN:105,(anonymous_6)
FN:113,(anonymous_7)
FN:121,(anonymous_8)
FN:129,(anonymous_9)
FN:137,(anonymous_10)
FN:145,(anonymous_11)
FN:153,(anonymous_12)
FN:162,(anonymous_13)
FN:172,(anonymous_14)
FN:183,(anonymous_15)
FNF:16
FNH:7
FNDA:11,(anonymous_0)
FNDA:2,(anonymous_1)
FNDA:0,(anonymous_2)
FNDA:0,(anonymous_3)
FNDA:0,(anonymous_4)
FNDA:0,(anonymous_5)
FNDA:1,(anonymous_6)
FNDA:0,(anonymous_7)
FNDA:8,(anonymous_8)
FNDA:0,(anonymous_9)
FNDA:9,(anonymous_10)
FNDA:1,(anonymous_11)
FNDA:11,(anonymous_12)
FNDA:0,(anonymous_13)
FNDA:0,(anonymous_14)
FNDA:0,(anonymous_15)
DA:2,4
DA:10,4
DA:20,4
DA:34,11
DA:50,2
DA:62,0
DA:74,0
DA:86,0
DA:98,0
DA:106,1
DA:114,0
DA:122,8
DA:130,0
DA:138,9
DA:146,1
DA:154,11
DA:163,0
DA:173,0
DA:174,0
DA:184,0
DA:185,0
LF:21
LH:10
BRDA:32,0,0,9
BRDA:47,1,0,0
BRDA:163,2,0,0
BRDA:163,2,1,0
BRDA:174,3,0,0
BRDA:174,3,1,0
BRDA:185,4,0,0
BRDA:185,4,1,0
BRF:8
BRH:1
end_of_record
TN:
SF:src\controllers\addressCheck.controller.ts
FN:79,(anonymous_1)
FNF:1
FNH:1
FNDA:3,(anonymous_1)
DA:2,1
DA:3,1
DA:18,1
DA:83,3
DA:84,3
DA:85,1
DA:87,2
DA:92,1
DA:93,1
LF:9
LH:9
BRF:0
BRH:0
end_of_record
TN:
SF:src\controllers\auth\auth.router.ts
FNF:0
FNH:0
DA:1,0
DA:2,0
DA:3,0
DA:4,0
DA:5,0
DA:6,0
DA:7,0
DA:8,0
DA:9,0
DA:11,0
DA:16,0
DA:27,0
DA:29,0
DA:30,0
DA:31,0
DA:32,0
DA:33,0
LF:17
LH:0
BRF:0
BRH:0
end_of_record
TN:
SF:src\controllers\auth\cookie.ts
FN:9,setRefreshCookie
FN:23,clearRefreshCookie
FN:32,getRefreshCookie
FNF:3
FNH:0
FNDA:0,setRefreshCookie
FNDA:0,clearRefreshCookie
FNDA:0,getRefreshCookie
DA:9,1
DA:10,0
DA:23,1
DA:24,0
DA:32,1
DA:33,0
LF:6
LH:3
BRDA:33,0,0,0
BRDA:33,0,1,0
BRF:2
BRH:0
end_of_record
TN:
SF:src\controllers\auth\login.controller.ts
FN:88,(anonymous_1)
FNF:1
FNH:1
FNDA:4,(anonymous_1)
DA:2,1
DA:3,1
DA:4,1
DA:5,1
DA:6,1
DA:8,1
DA:92,4
DA:93,4
DA:94,4
DA:96,4
DA:97,4
DA:99,1
DA:100,1
DA:101,1
DA:103,3
DA:104,1
DA:105,1
DA:107,2
DA:108,1
DA:109,1
DA:111,1
DA:112,1
DA:117,1
DA:118,1
LF:24
LH:24
BRDA:92,0,0,4
BRDA:92,0,1,0
BRDA:93,1,0,4
BRDA:93,1,1,4
BRDA:103,2,0,1
BRDA:103,2,1,2
BRDA:107,3,0,1
BRDA:107,3,1,1
BRF:8
BRH:7
end_of_record
TN:
SF:src\controllers\auth\logout.controller.ts
FN:51,logoutController
FNF:1
FNH:1
FNDA:3,logoutController
DA:2,1
DA:3,1
DA:4,1
DA:5,1
DA:51,1
DA:52,3
DA:53,3
DA:55,3
DA:56,3
DA:58,3
DA:59,2
DA:62,2
DA:63,2
DA:64,2
DA:66,1
DA:68,1
DA:69,1
LF:17
LH:17
BRDA:52,0,0,3
BRDA:52,0,1,0
BRDA:58,1,0,2
BRDA:58,1,1,1
BRF:4
BRH:3
end_of_record
TN:
SF:src\controllers\auth\profile.controller.ts
FN:78,getProfileController
FNF:1
FNH:1
FNDA:4,getProfileController
DA:2,1
DA:3,1
DA:4,1
DA:5,1
DA:6,1
DA:78,1
DA:82,4
DA:83,4
DA:85,4
DA:86,4
DA:88,4
DA:89,1
DA:90,1
DA:93,3
DA:94,3
DA:96,1
DA:97,1
DA:100,2
DA:101,1
DA:102,1
DA:105,1
DA:106,1
LF:22
LH:22
BRDA:82,0,0,4
BRDA:82,0,1,0
BRDA:88,1,0,1
BRDA:88,1,1,3
BRDA:100,2,0,1
BRDA:100,2,1,1
BRF:6
BRH:5
end_of_record
TN:
SF:src\controllers\auth\refresh.controller.ts
FN:63,refreshController
FN:79,(anonymous_11)
FNF:2
FNH:2
FNDA:4,refreshController
FNDA:1,(anonymous_11)
DA:2,1
DA:3,1
DA:4,1
DA:5,1
DA:6,1
DA:63,1
DA:67,4
DA:68,4
DA:70,4
DA:71,4
DA:72,4
DA:73,1
DA:74,1
DA:77,3
DA:79,2
DA:80,1
DA:81,1
DA:82,1
DA:84,2
DA:85,1
DA:86,1
DA:89,1
DA:90,1
LF:23
LH:23
BRDA:67,0,0,4
BRDA:67,0,1,0
BRDA:72,1,0,1
BRDA:72,1,1,3
BRDA:84,2,0,1
BRDA:84,2,1,1
BRF:6
BRH:5
end_of_record
TN:
SF:src\controllers\auth\registration.controller.ts
FN:105,registrationController
FNF:1
FNH:1
FNDA:4,registrationController
DA:2,1
DA:3,1
DA:4,1
DA:5,1
DA:6,1
DA:105,1
DA:109,4
DA:110,4
DA:112,4
DA:116,4
DA:117,4
DA:128,1
DA:129,1
DA:130,1
DA:132,3
DA:133,3
DA:134,1
DA:136,2
DA:137,1
DA:139,1
LF:20
LH:20
BRDA:109,0,0,4
BRDA:109,0,1,0
BRDA:110,1,0,4
BRDA:110,1,1,4
BRDA:133,2,0,1
BRDA:133,2,1,2
BRDA:136,3,0,1
BRDA:136,3,1,1
BRF:8
BRH:7
end_of_record
TN:
SF:src\controllers\events\createEvent.controller.ts
FN:145,(anonymous_1)
FNF:1
FNH:1
FNDA:4,(anonymous_1)
DA:2,1
DA:3,1
DA:4,1
DA:5,1
DA:7,1
DA:149,4
DA:150,4
DA:154,4
DA:155,4
DA:157,4
DA:167,1
DA:168,1
DA:170,3
DA:171,3
DA:172,1
DA:173,1
DA:175,2
DA:176,1
DA:177,1
DA:179,1
DA:180,1
DA:185,1
DA:186,1
LF:23
LH:23
BRDA:149,0,0,4
BRDA:149,0,1,0
BRDA:171,1,0,1
BRDA:171,1,1,2
BRDA:175,2,0,1
BRDA:175,2,1,1
BRF:6
BRH:5
end_of_record
TN:
SF:src\controllers\events\events.router.ts
FNF:0
FNH:0
DA:1,0
DA:2,0
DA:3,0
DA:4,0
DA:5,0
DA:6,0
DA:7,0
DA:8,0
DA:9,0
DA:10,0
DA:12,0
DA:22,0
DA:26,0
DA:31,0
DA:35,0
DA:40,0
DA:42,0
DA:46,0
DA:50,0
DA:56,0
DA:62,0
DA:68,0
LF:22
LH:0
BRF:0
BRH:0
end_of_record
TN:
SF:src\controllers\events\getAllEvents.controller.ts
FN:69,(anonymous_1)
FNF:1
FNH:1
FNDA:3,(anonymous_1)
DA:2,1
DA:3,1
DA:4,1
DA:5,1
DA:7,1
DA:73,3
DA:74,3
DA:75,3
DA:77,3
DA:78,3
DA:79,1
DA:80,1
DA:82,2
DA:84,2
DA:85,1
DA:86,1
DA:89,1
DA:90,1
DA:95,1
DA:96,1
LF:20
LH:20
BRDA:73,0,0,3
BRDA:73,0,1,0
BRDA:74,1,0,0
BRDA:74,2,0,0
BRDA:74,3,0,3
BRDA:74,3,1,3
BRDA:84,4,0,1
BRDA:84,4,1,1
BRF:8
BRH:5
end_of_record
TN:
SF:src\controllers\events\getEventById.controller.ts
FN:74,(anonymous_1)
FNF:1
FNH:1
FNDA:5,(anonymous_1)
DA:2,1
DA:3,1
DA:4,1
DA:5,1
DA:7,1
DA:78,5
DA:79,5
DA:80,5
DA:82,5
DA:83,5
DA:85,1
DA:86,0
DA:87,0
DA:90,1
DA:91,1
DA:93,4
DA:95,4
DA:96,2
DA:97,2
DA:100,2
DA:101,1
DA:102,1
DA:105,1
DA:106,1
DA:111,1
DA:112,1
LF:26
LH:24
BRDA:78,0,0,5
BRDA:78,0,1,0
BRDA:79,1,0,5
BRDA:79,1,1,5
BRDA:85,2,0,0
BRDA:85,2,1,1
BRDA:95,3,0,2
BRDA:95,3,1,2
BRDA:100,4,0,1
BRDA:100,4,1,1
BRF:10
BRH:8
end_of_record
TN:
SF:src\controllers\events\salesOverview.controller.ts
FN:130,(anonymous_1)
FNF:1
FNH:1
FNDA:4,(anonymous_1)
DA:2,1
DA:3,1
DA:4,1
DA:5,1
DA:7,1
DA:134,4
DA:135,4
DA:136,4
DA:138,4
DA:139,4
DA:144,1
DA:145,1
DA:147,3
DA:148,3
DA:149,1
DA:150,1
DA:152,2
DA:153,1
DA:154,1
DA:156,1
DA:161,1
DA:162,1
LF:22
LH:22
BRDA:134,0,0,4
BRDA:134,0,1,0
BRDA:140,1,0,4
BRDA:140,1,1,0
BRDA:141,2,0,4
BRDA:141,2,1,0
BRDA:148,3,0,1
BRDA:148,3,1,2
BRDA:152,4,0,1
BRDA:152,4,1,1
BRF:10
BRH:7
end_of_record
TN:
SF:src\controllers\events\searchEvents.controller.ts
FN:93,(anonymous_1)
FNF:1
FNH:1
FNDA:4,(anonymous_1)
DA:2,1
DA:3,1
DA:4,1
DA:5,1
DA:7,1
DA:97,4
DA:98,4
DA:99,4
DA:101,4
DA:102,4
DA:103,1
DA:107,1
DA:109,3
DA:110,3
DA:111,1
DA:112,1
DA:114,2
DA:115,1
DA:116,1
DA:118,1
DA:123,1
DA:124,1
LF:22
LH:22
BRDA:97,0,0,4
BRDA:97,0,1,0
BRDA:110,1,0,1
BRDA:110,1,1,2
BRDA:114,2,0,1
BRDA:114,2,1,1
BRF:6
BRH:5
end_of_record
TN:
SF:src\controllers\events\userPurchaseReport.controller.ts
FN:139,(anonymous_1)
FNF:1
FNH:1
FNDA:4,(anonymous_1)
DA:2,1
DA:3,1
DA:4,1
DA:5,1
DA:7,1
DA:143,4
DA:144,4
DA:145,4
DA:147,4
DA:148,4
DA:153,1
DA:154,1
DA:156,3
DA:157,3
DA:158,1
DA:159,1
DA:161,2
DA:162,1
DA:163,1
DA:165,1
DA:170,1
DA:171,1
LF:22
LH:22
BRDA:143,0,0,4
BRDA:143,0,1,0
BRDA:149,1,0,4
BRDA:149,1,1,0
BRDA:150,2,0,4
BRDA:150,2,1,0
BRDA:157,3,0,1
BRDA:157,3,1,2
BRDA:161,4,0,1
BRDA:161,4,1,1
BRF:10
BRH:7
end_of_record
TN:
SF:src\controllers\openapi\openapi.router.ts
FN:10,(anonymous_1)
FNF:1
FNH:0
FNDA:0,(anonymous_1)
DA:1,0
DA:2,0
DA:3,0
DA:4,0
DA:6,0
DA:8,0
DA:10,0
DA:11,0
DA:12,0
DA:15,0
LF:10
LH:0
BRF:0
BRH:0
end_of_record
TN:
SF:src\controllers\orders\buyTickets.controller.ts
FN:126,(anonymous_1)
FNF:1
FNH:1
FNDA:5,(anonymous_1)
DA:2,1
DA:3,1
DA:4,1
DA:5,1
DA:7,1
DA:130,5
DA:131,5
DA:132,5
DA:134,5
DA:135,5
DA:136,1
DA:141,1
DA:143,4
DA:145,4
DA:146,1
DA:147,1
DA:150,3
DA:151,1
DA:152,1
DA:155,2
DA:156,1
DA:157,1
DA:160,1
DA:161,1
DA:166,1
DA:167,1
LF:26
LH:26
BRDA:130,0,0,5
BRDA:130,0,1,0
BRDA:131,1,0,5
BRDA:131,1,1,5
BRDA:145,2,0,1
BRDA:145,2,1,3
BRDA:150,3,0,1
BRDA:150,3,1,2
BRDA:155,4,0,1
BRDA:155,4,1,1
BRF:10
BRH:9
end_of_record
TN:
SF:src\controllers\orders\getOrderById.controller.ts
FN:98,(anonymous_1)
FNF:1
FNH:1
FNDA:4,(anonymous_1)
DA:2,1
DA:3,1
DA:4,1
DA:5,1
DA:7,1
DA:102,4
DA:103,4
DA:104,4
DA:106,4
DA:107,4
DA:109,1
DA:110,1
DA:112,3
DA:114,3
DA:115,1
DA:116,1
DA:119,2
DA:120,1
DA:121,1
DA:124,1
DA:125,1
DA:130,1
DA:131,1
LF:23
LH:23
BRDA:102,0,0,4
BRDA:102,0,1,0
BRDA:114,1,0,1
BRDA:114,1,1,2
BRDA:119,2,0,1
BRDA:119,2,1,1
BRF:6
BRH:5
end_of_record
TN:
SF:src\controllers\orders\getUserOrders.controller.ts
FN:103,(anonymous_1)
FNF:1
FNH:1
FNDA:4,(anonymous_1)
DA:2,1
DA:3,1
DA:4,1
DA:5,1
DA:7,1
DA:107,4
DA:108,4
DA:109,4
DA:111,4
DA:112,4
DA:114,1
DA:115,1
DA:117,3
DA:119,3
DA:120,1
DA:121,1
DA:124,2
DA:125,1
DA:126,1
DA:129,1
DA:130,1
DA:135,1
DA:136,1
LF:23
LH:23
BRDA:107,0,0,4
BRDA:107,0,1,0
BRDA:119,1,0,1
BRDA:119,1,1,2
BRDA:124,2,0,1
BRDA:124,2,1,1
BRF:6
BRH:5
end_of_record
TN:
SF:src\controllers\orders\orders.router.ts
FNF:0
FNH:0
DA:1,0
DA:2,0
DA:3,0
DA:4,0
DA:5,0
DA:6,0
DA:7,0
DA:9,0
DA:13,0
DA:17,0
DA:23,0
DA:25,0
DA:31,0
DA:37,0
LF:14
LH:0
BRF:0
BRH:0
end_of_record
TN:
SF:src\errors\CustomErrors.ts
FN:2,(anonymous_0)
FN:17,(anonymous_1)
FN:23,(anonymous_2)
FN:29,(anonymous_3)
FN:35,(anonymous_4)
FN:41,(anonymous_5)
FN:47,(anonymous_6)
FN:53,(anonymous_7)
FN:59,(anonymous_8)
FNF:9
FNH:7
FNDA:93,(anonymous_0)
FNDA:8,(anonymous_1)
FNDA:0,(anonymous_2)
FNDA:23,(anonymous_3)
FNDA:12,(anonymous_4)
FNDA:11,(anonymous_5)
FNDA:5,(anonymous_6)
FNDA:0,(anonymous_7)
FNDA:21,(anonymous_8)
DA:1,17
DA:3,93
DA:4,93
DA:6,93
DA:8,93
DA:10,93
DA:12,93
DA:16,17
DA:18,8
DA:22,17
DA:24,0
DA:28,17
DA:30,23
DA:34,17
DA:36,12
DA:40,17
DA:42,11
DA:46,17
DA:48,5
DA:52,17
DA:54,0
DA:58,17
DA:60,21
LF:23
LH:21
BRDA:6,0,0,72
BRDA:17,1,0,0
BRDA:23,2,0,0
BRDA:29,3,0,0
BRDA:35,4,0,0
BRDA:41,5,0,0
BRDA:47,6,0,0
BRDA:53,7,0,0
BRDA:59,8,0,0
BRF:9
BRH:1
end_of_record
TN:
SF:src\errors\RepositoryError.ts
FN:4,(anonymous_0)
FN:13,(anonymous_1)
FN:22,(anonymous_2)
FN:31,(anonymous_3)
FNF:4
FNH:2
FNDA:6,(anonymous_0)
FNDA:6,(anonymous_1)
FNDA:0,(anonymous_2)
FNDA:0,(anonymous_3)
DA:1,11
DA:3,11
DA:8,6
DA:12,11
DA:17,6
DA:21,11
DA:26,0
DA:30,11
DA:35,0
LF:9
LH:7
BRDA:5,0,0,0
BRDA:6,1,0,6
BRDA:14,2,0,0
BRDA:15,3,0,6
BRDA:23,4,0,0
BRDA:24,5,0,0
BRDA:32,6,0,0
BRDA:33,7,0,0
BRF:8
BRH:2
end_of_record
TN:
SF:src\errors\usage.example.ts
FNF:0
FNH:0
DA:1,0
DA:11,0
DA:13,0
DA:14,0
DA:16,0
DA:17,0
DA:21,0
DA:22,0
DA:24,0
DA:25,0
DA:29,0
DA:30,0
DA:32,0
DA:33,0
DA:37,0
DA:38,0
DA:40,0
DA:41,0
DA:45,0
DA:46,0
DA:48,0
DA:49,0
DA:53,0
DA:54,0
DA:56,0
DA:57,0
DA:61,0
DA:62,0
DA:64,0
DA:65,0
DA:69,0
DA:70,0
DA:72,0
DA:73,0
LF:34
LH:0
BRDA:16,0,0,0
BRDA:16,0,1,0
BRDA:24,1,0,0
BRDA:24,1,1,0
BRDA:32,2,0,0
BRDA:32,2,1,0
BRDA:40,3,0,0
BRDA:40,3,1,0
BRDA:48,4,0,0
BRDA:48,4,1,0
BRDA:56,5,0,0
BRDA:56,5,1,0
BRDA:64,6,0,0
BRDA:64,6,1,0
BRDA:72,7,0,0
BRDA:72,7,1,0
BRF:16
BRH:0
end_of_record
TN:
SF:src\middleware\auth.middleware.ts
FN:15,authenticate
FN:66,authorizeAdmin
FN:97,authorizeRoles
FN:98,(anonymous_3)
FNF:4
FNH:4
FNDA:5,authenticate
FNDA:3,authorizeAdmin
FNDA:3,authorizeRoles
FNDA:3,(anonymous_3)
DA:2,1
DA:3,1
DA:5,1
DA:15,1
DA:20,5
DA:21,5
DA:23,4
DA:24,2
DA:31,2
DA:32,2
DA:34,2
DA:35,1
DA:42,1
DA:48,1
DA:50,1
DA:66,1
DA:71,3
DA:73,3
DA:74,1
DA:81,2
DA:82,1
DA:89,1
DA:97,1
DA:98,3
DA:99,3
DA:101,3
DA:102,1
DA:109,2
DA:110,1
DA:117,1
LF:30
LH:30
BRDA:23,0,0,2
BRDA:23,0,1,2
BRDA:34,1,0,1
BRDA:34,1,1,1
BRDA:73,2,0,1
BRDA:73,2,1,2
BRDA:81,3,0,1
BRDA:81,3,1,1
BRDA:101,4,0,1
BRDA:101,4,1,2
BRDA:109,5,0,1
BRDA:109,5,1,1
BRF:12
BRH:12
end_of_record
TN:
SF:src\middleware\correlationId.middleware.ts
FN:16,generateCorrelationId
FN:27,correlationIdMiddleware
FN:39,(anonymous_3)
FNF:3
FNH:3
FNDA:7,generateCorrelationId
FNDA:7,correlationIdMiddleware
FNDA:1,(anonymous_3)
DA:2,1
DA:17,7
DA:27,1
DA:32,7
DA:33,7
DA:35,7
DA:37,7
DA:39,7
DA:40,1
DA:43,7
LF:10
LH:10
BRF:0
BRH:0
end_of_record
TN:
SF:src\middleware\errorHandler.middleware.ts
FN:14,errorHandler
FNF:1
FNH:1
FNDA:7,errorHandler
DA:2,1
DA:3,1
DA:4,1
DA:14,1
DA:20,7
DA:21,5
DA:24,7
DA:25,3
DA:26,3
DA:34,4
DA:35,1
DA:36,1
DA:44,3
DA:45,1
DA:46,1
DA:54,2
DA:55,1
DA:56,1
DA:64,1
DA:65,1
LF:20
LH:20
BRDA:20,0,0,5
BRDA:20,0,1,2
BRDA:20,1,0,7
BRDA:20,1,1,3
BRDA:24,2,0,3
BRDA:24,2,1,4
BRDA:34,3,0,1
BRDA:34,3,1,3
BRDA:44,4,0,1
BRDA:44,4,1,2
BRDA:44,5,0,3
BRDA:44,5,1,1
BRDA:54,6,0,1
BRDA:54,6,1,1
BRDA:54,7,0,2
BRDA:54,7,1,1
BRF:16
BRH:16
end_of_record
TN:
SF:src\middleware\validation.middleware.ts
FN:19,sanitizeData
FN:23,(anonymous_2)
FN:42,validateRequest
FN:43,(anonymous_4)
FN:57,(anonymous_5)
FN:83,getDataFromRequest
FN:97,(anonymous_7)
FN:102,(anonymous_8)
FN:107,(anonymous_9)
FN:112,(anonymous_10)
FN:118,(anonymous_11)
FNF:11
FNH:11
FNDA:31,sanitizeData
FNDA:2,(anonymous_2)
FNDA:9,validateRequest
FNDA:9,(anonymous_4)
FNDA:2,(anonymous_5)
FNDA:9,getDataFromRequest
FNDA:1,(anonymous_7)
FNDA:1,(anonymous_8)
FNDA:1,(anonymous_9)
FNDA:1,(anonymous_10)
FNDA:1,(anonymous_11)
DA:2,1
DA:3,1
DA:5,1
DA:6,1
DA:19,1
DA:20,31
DA:21,15
DA:22,16
DA:23,2
DA:24,15
DA:25,11
DA:26,11
DA:27,17
DA:28,17
DA:31,11
DA:33,4
DA:42,1
DA:43,9
DA:44,9
DA:45,9
DA:47,9
DA:48,8
DA:51,9
DA:56,9
DA:57,2
DA:58,2
DA:61,7
DA:62,7
DA:64,7
DA:66,7
DA:68,2
DA:69,2
DA:72,0
DA:84,9
DA:86,7
DA:88,1
DA:90,1
DA:92,0
DA:96,1
DA:97,1
DA:102,1
DA:107,1
DA:112,1
DA:118,1
LF:44
LH:42
BRDA:20,0,0,15
BRDA:20,0,1,16
BRDA:22,1,0,1
BRDA:22,1,1,15
BRDA:24,2,0,11
BRDA:24,2,1,4
BRDA:24,3,0,15
BRDA:24,3,1,12
BRDA:27,4,0,17
BRDA:27,4,1,0
BRDA:42,5,0,0
BRDA:47,6,0,8
BRDA:47,6,1,1
BRDA:53,7,0,9
BRDA:53,7,1,8
BRDA:56,8,0,2
BRDA:56,8,1,7
BRDA:61,9,0,7
BRDA:61,9,1,0
BRDA:68,10,0,2
BRDA:68,10,1,0
BRDA:84,11,0,7
BRDA:84,11,1,1
BRDA:84,11,2,1
BRDA:84,11,3,0
BRDA:102,12,0,1
BRDA:118,13,0,1
BRF:27
BRH:22
end_of_record
TN:
SF:src\repositories\BaseRepositoryImpl.ts
FN:8,(anonymous_0)
FN:18,(anonymous_1)
FNF:2
FNH:1
FNDA:121,(anonymous_0)
FNDA:0,(anonymous_1)
DA:1,11
DA:3,11
DA:5,11
DA:9,121
DA:19,0
DA:20,0
DA:22,0
DA:23,0
DA:26,0
LF:9
LH:4
BRDA:19,0,0,0
BRDA:19,0,1,0
BRDA:22,1,0,0
BRDA:22,1,1,0
BRF:4
BRH:0
end_of_record
TN:
SF:src\repositories\EventRepositoryImpl.ts
FN:12,(anonymous_0)
FN:20,(anonymous_1)
FN:29,(anonymous_2)
FN:39,(anonymous_3)
FN:58,(anonymous_4)
FN:75,(anonymous_5)
FN:85,(anonymous_6)
FN:94,(anonymous_7)
FN:112,(anonymous_8)
FN:132,(anonymous_9)
FN:151,(anonymous_10)
FN:186,(anonymous_11)
FNF:12
FNH:10
FNDA:2,(anonymous_0)
FNDA:2,(anonymous_1)
FNDA:1,(anonymous_2)
FNDA:3,(anonymous_3)
FNDA:3,(anonymous_4)
FNDA:2,(anonymous_5)
FNDA:2,(anonymous_6)
FNDA:1,(anonymous_7)
FNDA:1,(anonymous_8)
FNDA:1,(anonymous_9)
FNDA:0,(anonymous_10)
FNDA:0,(anonymous_11)
DA:2,4
DA:4,4
DA:6,4
DA:13,2
DA:21,2
DA:30,1
DA:40,3
DA:41,3
DA:46,2
DA:47,1
DA:49,1
DA:59,3
DA:60,3
DA:61,1
DA:63,2
DA:64,1
DA:66,1
DA:76,2
DA:77,2
DA:86,2
DA:95,1
DA:113,1
DA:114,1
DA:133,1
DA:152,0
DA:154,0
DA:155,0
DA:163,0
DA:165,0
DA:174,0
DA:187,0
LF:31
LH:24
BRDA:46,0,0,1
BRDA:46,0,1,1
BRDA:63,1,0,1
BRDA:63,1,1,1
BRDA:154,2,0,0
BRDA:154,2,1,0
BRF:6
BRH:4
end_of_record
TN:
SF:src\repositories\OrderRepositoryImpl.ts
FN:13,(anonymous_0)
FN:21,(anonymous_1)
FN:30,(anonymous_2)
FN:40,(anonymous_3)
FN:59,(anonymous_4)
FN:76,(anonymous_5)
FN:86,(anonymous_6)
FN:95,(anonymous_7)
FN:111,(anonymous_8)
FN:146,(anonymous_9)
FN:160,(anonymous_10)
FN:197,(anonymous_11)
FNF:12
FNH:10
FNDA:2,(anonymous_0)
FNDA:2,(anonymous_1)
FNDA:2,(anonymous_2)
FNDA:3,(anonymous_3)
FNDA:3,(anonymous_4)
FNDA:2,(anonymous_5)
FNDA:1,(anonymous_6)
FNDA:1,(anonymous_7)
FNDA:1,(anonymous_8)
FNDA:1,(anonymous_9)
FNDA:0,(anonymous_10)
FNDA:0,(anonymous_11)
DA:2,4
DA:4,4
DA:5,4
DA:7,4
DA:14,2
DA:22,2
DA:31,2
DA:41,3
DA:42,3
DA:47,2
DA:48,1
DA:50,1
DA:60,3
DA:61,3
DA:62,1
DA:64,2
DA:65,1
DA:67,1
DA:77,2
DA:78,2
DA:87,1
DA:96,1
DA:97,1
DA:112,1
DA:147,1
DA:161,0
DA:163,0
DA:198,0
DA:200,0
LF:29
LH:25
BRDA:47,0,0,1
BRDA:47,0,1,1
BRDA:64,1,0,1
BRDA:64,1,1,1
BRF:4
BRH:4
end_of_record
TN:
SF:src\repositories\RefreshTokenRepositoryImpl.ts
FN:11,(anonymous_0)
FN:19,(anonymous_1)
FN:28,(anonymous_2)
FN:38,(anonymous_3)
FN:54,(anonymous_4)
FN:68,(anonymous_5)
FN:77,(anonymous_6)
FN:86,(anonymous_7)
FN:98,(anonymous_8)
FN:113,(anonymous_9)
FNF:10
FNH:10
FNDA:2,(anonymous_0)
FNDA:2,(anonymous_1)
FNDA:1,(anonymous_2)
FNDA:2,(anonymous_3)
FNDA:2,(anonymous_4)
FNDA:2,(anonymous_5)
FNDA:2,(anonymous_6)
FNDA:1,(anonymous_7)
FNDA:2,(anonymous_8)
FNDA:1,(anonymous_9)
DA:2,2
DA:5,2
DA:12,2
DA:20,2
DA:29,1
DA:39,2
DA:40,2
DA:45,1
DA:55,2
DA:56,2
DA:57,1
DA:59,1
DA:69,2
DA:70,2
DA:78,2
DA:87,1
DA:99,2
DA:100,2
DA:105,1
DA:114,1
LF:20
LH:20
BRF:0
BRH:0
end_of_record
TN:
SF:src\repositories\TicketBatchRepositoryImpl.ts
FN:11,(anonymous_0)
FN:19,(anonymous_1)
FN:28,(anonymous_2)
FN:38,(anonymous_3)
FN:54,(anonymous_4)
FN:68,(anonymous_5)
FN:78,(anonymous_6)
FN:87,(anonymous_7)
FN:102,(anonymous_8)
FNF:9
FNH:9
FNDA:2,(anonymous_0)
FNDA:2,(anonymous_1)
FNDA:2,(anonymous_2)
FNDA:2,(anonymous_3)
FNDA:2,(anonymous_4)
FNDA:2,(anonymous_5)
FNDA:1,(anonymous_6)
FNDA:2,(anonymous_7)
FNDA:1,(anonymous_8)
DA:2,4
DA:5,4
DA:12,2
DA:20,2
DA:29,2
DA:39,2
DA:40,2
DA:45,1
DA:55,2
DA:56,2
DA:57,1
DA:59,1
DA:69,2
DA:70,2
DA:79,1
DA:88,2
DA:92,2
DA:103,1
LF:18
LH:18
BRDA:92,0,0,1
BRDA:92,0,1,1
BRF:2
BRH:2
end_of_record
TN:
SF:src\repositories\TicketRepositoryImpl.ts
FN:11,(anonymous_0)
FN:19,(anonymous_1)
FN:28,(anonymous_2)
FN:38,(anonymous_3)
FN:54,(anonymous_4)
FN:68,(anonymous_5)
FN:78,(anonymous_6)
FN:95,(anonymous_7)
FN:104,(anonymous_8)
FN:109,(anonymous_9)
FN:126,(anonymous_10)
FN:127,(anonymous_11)
FNF:12
FNH:12
FNDA:2,(anonymous_0)
FNDA:2,(anonymous_1)
FNDA:1,(anonymous_2)
FNDA:2,(anonymous_3)
FNDA:2,(anonymous_4)
FNDA:2,(anonymous_5)
FNDA:1,(anonymous_6)
FNDA:1,(anonymous_7)
FNDA:2,(anonymous_8)
FNDA:3,(anonymous_9)
FNDA:1,(anonymous_10)
FNDA:1,(anonymous_11)
DA:2,4
DA:5,4
DA:12,2
DA:20,2
DA:29,1
DA:39,2
DA:40,2
DA:45,1
DA:55,2
DA:56,2
DA:57,1
DA:59,1
DA:69,2
DA:70,2
DA:79,1
DA:80,1
DA:96,1
DA:105,2
DA:109,3
DA:110,2
DA:127,1
DA:133,1
LF:22
LH:22
BRF:0
BRH:0
end_of_record
TN:
SF:src\repositories\UserRepositoryImpl.ts
FN:12,(anonymous_0)
FN:20,(anonymous_1)
FN:29,(anonymous_2)
FN:44,(anonymous_3)
FN:63,(anonymous_4)
FN:80,(anonymous_5)
FN:90,(anonymous_6)
FN:107,(anonymous_7)
FN:116,(anonymous_8)
FN:146,(anonymous_9)
FNF:10
FNH:10
FNDA:2,(anonymous_0)
FNDA:2,(anonymous_1)
FNDA:2,(anonymous_2)
FNDA:3,(anonymous_3)
FNDA:3,(anonymous_4)
FNDA:2,(anonymous_5)
FNDA:3,(anonymous_6)
FNDA:1,(anonymous_7)
FNDA:2,(anonymous_8)
FNDA:1,(anonymous_9)
DA:2,6
DA:4,6
DA:6,6
DA:13,2
DA:21,2
DA:30,2
DA:45,3
DA:46,3
DA:51,2
DA:52,1
DA:54,1
DA:64,3
DA:65,3
DA:66,1
DA:68,2
DA:69,1
DA:71,1
DA:81,2
DA:82,2
DA:91,3
DA:92,3
DA:108,1
DA:117,2
DA:147,1
LF:24
LH:24
BRDA:33,0,0,2
BRDA:33,0,1,0
BRDA:51,1,0,1
BRDA:51,1,1,1
BRDA:68,2,0,1
BRDA:68,2,1,1
BRDA:123,3,0,2
BRDA:123,3,1,0
BRDA:124,4,0,2
BRDA:124,4,1,0
BRDA:125,5,0,2
BRDA:125,5,1,0
BRDA:126,6,0,2
BRDA:126,6,1,0
BRDA:127,7,0,2
BRDA:127,7,1,0
BRDA:128,8,0,2
BRDA:128,8,1,0
BRDA:129,9,0,2
BRDA:129,9,1,0
BRF:20
BRH:12
end_of_record
TN:
SF:src\services\BaseService.ts
FN:6,(anonymous_1)
FN:16,(anonymous_2)
FNF:2
FNH:0
FNDA:0,(anonymous_1)
FNDA:0,(anonymous_2)
DA:1,8
DA:3,8
DA:7,0
DA:17,0
DA:19,0
DA:20,0
LF:6
LH:2
BRDA:16,0,0,0
BRDA:19,1,0,0
BRDA:19,1,1,0
BRF:3
BRH:0
end_of_record
TN:
SF:src\services\CrudService.ts
FN:11,(anonymous_0)
FN:20,(anonymous_1)
FN:28,(anonymous_2)
FN:37,(anonymous_3)
FN:47,(anonymous_4)
FN:56,(anonymous_5)
FN:65,(anonymous_6)
FNF:7
FNH:0
FNDA:0,(anonymous_0)
FNDA:0,(anonymous_1)
FNDA:0,(anonymous_2)
FNDA:0,(anonymous_3)
FNDA:0,(anonymous_4)
FNDA:0,(anonymous_5)
FNDA:0,(anonymous_6)
DA:8,0
DA:12,0
DA:21,0
DA:29,0
DA:38,0
DA:48,0
DA:57,0
DA:66,0
LF:8
LH:0
BRF:0
BRH:0
end_of_record
TN:
SF:src\services\auth.service.ts
FN:16,normalizeInput
FN:17,(anonymous_2)
FN:39,(anonymous_3)
FN:96,(anonymous_4)
FN:179,(anonymous_5)
FN:214,(anonymous_6)
FN:272,(anonymous_7)
FNF:7
FNH:7
FNDA:19,normalizeInput
FNDA:19,(anonymous_2)
FNDA:4,(anonymous_3)
FNDA:3,(anonymous_4)
FNDA:2,(anonymous_5)
FNDA:3,(anonymous_6)
FNDA:2,(anonymous_7)
DA:1,2
DA:4,2
DA:5,2
DA:6,2
DA:11,2
DA:12,2
DA:14,2
DA:17,19
DA:18,19
DA:19,19
DA:20,19000
DA:21,19000
DA:23,19
DA:27,2
DA:28,2
DA:30,2
DA:40,4
DA:42,4
DA:43,4
DA:45,4
DA:47,3
DA:48,1
DA:49,1
DA:52,2
DA:54,2
DA:55,2
DA:57,2
DA:58,2
DA:59,1
DA:60,1
DA:63,1
DA:64,1
DA:65,1
DA:67,1
DA:69,1
DA:81,3
DA:82,2
DA:84,1
DA:85,1
DA:106,3
DA:108,3
DA:118,3
DA:120,3
DA:121,3
DA:123,3
DA:124,3
DA:125,1
DA:126,1
DA:129,2
DA:130,2
DA:132,2
DA:143,2
DA:145,2
DA:146,1
DA:147,1
DA:150,1
DA:151,1
DA:152,1
DA:154,1
DA:156,1
DA:168,2
DA:169,2
DA:180,2
DA:182,2
DA:185,2
DA:187,2
DA:188,1
DA:189,1
DA:192,1
DA:194,1
DA:202,1
DA:203,1
DA:215,3
DA:217,3
DA:218,3
DA:220,3
DA:221,3
DA:223,3
DA:224,3
DA:225,3
DA:227,3
DA:228,3
DA:229,2
DA:230,2
DA:234,3
DA:235,1
DA:236,1
DA:239,2
DA:240,2
DA:241,1
DA:242,1
DA:245,1
DA:246,1
DA:247,1
DA:249,1
DA:251,1
DA:256,2
DA:257,2
DA:258,2
DA:260,0
DA:261,0
DA:263,0
DA:273,2
DA:275,2
DA:276,2
DA:278,2
DA:279,2
DA:281,2
DA:282,2
DA:283,2
DA:285,2
DA:286,2
DA:287,1
DA:288,1
DA:292,2
DA:293,1
DA:294,1
DA:297,1
DA:299,1
DA:300,1
DA:302,1
DA:303,1
DA:304,1
DA:306,0
LF:124
LH:120
BRDA:47,0,0,1
BRDA:47,0,1,2
BRDA:58,1,0,1
BRDA:58,1,1,1
BRDA:81,2,0,2
BRDA:81,2,1,1
BRDA:81,3,0,3
BRDA:81,3,1,1
BRDA:124,4,0,1
BRDA:124,4,1,2
BRDA:145,5,0,1
BRDA:145,5,1,1
BRDA:187,6,0,1
BRDA:187,6,1,1
BRDA:228,7,0,2
BRDA:228,7,1,1
BRDA:234,8,0,1
BRDA:234,8,1,2
BRDA:240,9,0,1
BRDA:240,9,1,1
BRDA:257,10,0,2
BRDA:257,10,1,0
BRDA:260,11,0,0
BRDA:260,11,1,0
BRDA:286,12,0,1
BRDA:286,12,1,1
BRDA:292,13,0,1
BRDA:292,13,1,1
BRDA:303,14,0,1
BRDA:303,14,1,0
BRF:30
BRH:26
end_of_record
TN:
SF:src\services\events.service.ts
FN:21,(anonymous_1)
FN:48,(anonymous_2)
FN:79,(anonymous_3)
FN:111,(anonymous_4)
FN:152,(anonymous_5)
FN:168,(anonymous_6)
FN:181,(anonymous_7)
FN:237,(anonymous_8)
FNF:8
FNH:8
FNDA:2,(anonymous_1)
FNDA:3,(anonymous_2)
FNDA:1,(anonymous_3)
FNDA:3,(anonymous_4)
FNDA:3,(anonymous_5)
FNDA:2,(anonymous_6)
FNDA:2,(anonymous_7)
FNDA:2,(anonymous_8)
DA:1,2
DA:2,2
DA:3,2
DA:5,2
DA:7,2
DA:8,2
DA:10,2
DA:11,2
DA:12,2
DA:14,2
DA:22,2
DA:24,2
DA:25,2
DA:27,1
DA:29,1
DA:31,1
DA:33,1
DA:34,1
DA:35,0
DA:37,1
DA:49,3
DA:51,3
DA:52,3
DA:54,2
DA:55,1
DA:56,1
DA:59,1
DA:61,1
DA:63,1
DA:65,2
DA:66,2
DA:67,1
DA:69,1
DA:80,1
DA:82,1
DA:84,1
DA:85,1
DA:86,1
DA:89,1
DA:90,1
DA:92,1
DA:120,3
DA:122,3
DA:123,3
DA:125,3
DA:127,2
DA:129,2
DA:130,1
DA:132,1
DA:134,1
DA:136,1
DA:138,2
DA:139,2
DA:140,1
DA:142,1
DA:153,3
DA:154,3
DA:155,1
DA:156,1
DA:158,2
DA:169,2
DA:170,2
DA:171,2
DA:182,2
DA:184,2
DA:185,2
DA:187,2
DA:188,1
DA:190,1
DA:191,1
DA:192,1
DA:193,1
DA:194,1
DA:195,1
DA:196,1
DA:197,1
DA:198,1
DA:199,1
DA:200,1
DA:204,1
DA:205,1
DA:206,1
DA:211,1
DA:213,1
DA:218,1
DA:224,1
DA:225,1
DA:226,0
DA:228,1
DA:238,2
DA:240,2
DA:241,2
DA:249,2
DA:251,2
DA:252,2
DA:253,2
DA:255,2
DA:257,2
DA:259,2
DA:260,2
DA:261,2
DA:265,2
DA:266,2
DA:267,2
DA:269,2
DA:272,2
LF:106
LH:104
BRDA:34,0,0,0
BRDA:34,0,1,1
BRDA:34,1,0,1
BRDA:34,1,1,1
BRDA:34,1,2,1
BRDA:54,2,0,1
BRDA:54,2,1,1
BRDA:66,3,0,1
BRDA:66,3,1,1
BRDA:66,4,0,2
BRDA:66,4,1,1
BRDA:66,4,2,1
BRDA:89,5,0,1
BRDA:89,5,1,0
BRDA:100,6,0,1
BRDA:100,6,1,0
BRDA:139,7,0,1
BRDA:139,7,1,1
BRDA:139,8,0,2
BRDA:139,8,1,2
BRDA:139,8,2,1
BRDA:154,9,0,1
BRDA:154,9,1,2
BRDA:195,10,0,1
BRDA:195,10,1,0
BRDA:198,11,0,1
BRDA:198,11,1,0
BRDA:204,12,0,1
BRDA:204,12,1,0
BRDA:225,13,0,0
BRDA:225,13,1,1
BRDA:225,14,0,1
BRDA:225,14,1,1
BRDA:225,14,2,1
BRDA:244,15,0,2
BRDA:244,15,1,0
BRDA:252,16,0,2
BRDA:252,16,1,0
BRDA:259,17,0,2
BRDA:259,17,1,0
BRF:40
BRH:30
end_of_record
TN:
SF:src\services\orders.service.ts
FN:27,(anonymous_1)
FN:64,(anonymous_2)
FN:79,(anonymous_3)
FN:96,(anonymous_4)
FN:107,(anonymous_5)
FN:127,(anonymous_6)
FN:150,(anonymous_7)
FN:172,(anonymous_8)
FN:203,(anonymous_9)
FN:239,(anonymous_10)
FN:259,(anonymous_11)
FN:281,(anonymous_12)
FN:292,(anonymous_13)
FN:342,(anonymous_14)
FN:390,(anonymous_15)
FN:409,(anonymous_16)
FN:413,(anonymous_17)
FN:438,(anonymous_18)
FN:439,(anonymous_19)
FN:440,(anonymous_20)
FN:457,(anonymous_21)
FN:489,(anonymous_22)
FN:511,(anonymous_23)
FN:529,(anonymous_24)
FNF:24
FNH:8
FNDA:6,(anonymous_1)
FNDA:6,(anonymous_2)
FNDA:5,(anonymous_3)
FNDA:4,(anonymous_4)
FNDA:1,(anonymous_5)
FNDA:0,(anonymous_6)
FNDA:0,(anonymous_7)
FNDA:0,(anonymous_8)
FNDA:0,(anonymous_9)
FNDA:0,(anonymous_10)
FNDA:0,(anonymous_11)
FNDA:0,(anonymous_12)
FNDA:0,(anonymous_13)
FNDA:0,(anonymous_14)
FNDA:0,(anonymous_15)
FNDA:0,(anonymous_16)
FNDA:0,(anonymous_17)
FNDA:0,(anonymous_18)
FNDA:0,(anonymous_19)
FNDA:0,(anonymous_20)
FNDA:3,(anonymous_21)
FNDA:2,(anonymous_22)
FNDA:1,(anonymous_23)
FNDA:0,(anonymous_24)
DA:1,4
DA:2,4
DA:3,4
DA:4,4
DA:5,4
DA:6,4
DA:8,4
DA:9,4
DA:11,4
DA:12,4
DA:13,4
DA:14,4
DA:15,4
DA:17,4
DA:32,6
DA:34,6
DA:35,6
DA:37,5
DA:39,4
DA:41,2
DA:42,1
DA:44,1
DA:51,1
DA:53,5
DA:54,5
DA:65,6
DA:66,6
DA:67,1
DA:68,1
DA:70,5
DA:80,5
DA:81,5
DA:82,1
DA:83,1
DA:85,4
DA:97,4
DA:98,4
DA:99,1
DA:100,1
DA:103,3
DA:104,3
DA:106,3
DA:107,1
DA:110,3
DA:111,3
DA:112,1
DA:113,1
DA:116,2
DA:128,0
DA:130,0
DA:131,0
DA:133,0
DA:134,0
DA:135,0
DA:136,0
DA:138,0
DA:150,0
DA:153,0
DA:160,0
DA:162,0
DA:163,0
DA:173,0
DA:175,0
DA:176,0
DA:178,0
DA:180,0
DA:181,0
DA:189,0
DA:190,0
DA:191,0
DA:192,0
DA:195,0
DA:204,0
DA:206,0
DA:207,0
DA:208,0
DA:209,0
DA:211,0
DA:213,0
DA:228,0
DA:231,0
DA:240,0
DA:241,0
DA:242,0
DA:244,0
DA:245,0
DA:246,0
DA:247,0
DA:250,0
DA:260,0
DA:261,0
DA:262,0
DA:266,0
DA:267,0
DA:268,0
DA:270,0
DA:282,0
DA:284,0
DA:285,0
DA:287,0
DA:288,0
DA:289,0
DA:290,0
DA:292,0
DA:294,0
DA:295,0
DA:297,0
DA:299,0
DA:302,0
DA:304,0
DA:323,0
DA:330,0
DA:332,0
DA:333,0
DA:343,0
DA:344,0
DA:345,0
DA:346,0
DA:348,0
DA:349,0
DA:351,0
DA:352,0
DA:353,0
DA:355,0
DA:356,0
DA:357,0
DA:359,0
DA:360,0
DA:373,0
DA:374,0
DA:375,0
DA:376,0
DA:377,0
DA:378,0
DA:379,0
DA:382,0
DA:391,0
DA:392,0
DA:393,0
DA:395,0
DA:396,0
DA:397,0
DA:398,0
DA:401,0
DA:410,0
DA:412,0
DA:413,0
DA:415,0
DA:430,0
DA:439,0
DA:440,0
DA:458,3
DA:460,3
DA:462,3
DA:464,2
DA:465,1
DA:466,1
DA:469,1
DA:471,1
DA:473,1
DA:478,2
DA:479,2
DA:490,2
DA:492,2
DA:493,2
DA:495,1
DA:497,1
DA:499,1
DA:501,1
DA:502,1
DA:512,1
DA:513,1
DA:514,1
DA:515,1
DA:520,1
DA:530,0
DA:532,0
DA:534,0
DA:536,0
DA:537,0
DA:538,0
DA:541,0
DA:543,0
DA:548,0
DA:549,0
LF:185
LH:72
BRDA:66,0,0,1
BRDA:66,0,1,5
BRDA:81,1,0,1
BRDA:81,1,1,4
BRDA:98,2,0,1
BRDA:98,2,1,3
BRDA:106,3,0,1
BRDA:106,3,1,2
BRDA:111,4,0,1
BRDA:111,4,1,2
BRDA:148,5,0,0
BRDA:148,5,1,0
BRDA:176,6,0,0
BRDA:176,6,1,0
BRDA:176,7,0,0
BRDA:176,7,1,0
BRDA:180,8,0,0
BRDA:180,8,1,0
BRDA:208,9,0,0
BRDA:208,9,1,0
BRDA:209,10,0,0
BRDA:209,10,1,0
BRDA:224,11,0,0
BRDA:224,11,1,0
BRDA:261,12,0,0
BRDA:261,12,1,0
BRDA:261,13,0,0
BRDA:261,13,1,0
BRDA:267,14,0,0
BRDA:267,14,1,0
BRDA:295,15,0,0
BRDA:295,15,1,0
BRDA:297,16,0,0
BRDA:297,16,1,0
BRDA:299,17,0,0
BRDA:299,17,1,0
BRDA:349,18,0,0
BRDA:349,18,1,0
BRDA:349,19,0,0
BRDA:349,19,1,0
BRDA:349,19,2,0
BRDA:352,20,0,0
BRDA:352,20,1,0
BRDA:359,21,0,0
BRDA:359,21,1,0
BRDA:363,22,0,0
BRDA:363,22,1,0
BRDA:363,23,0,0
BRDA:363,23,1,0
BRDA:363,24,0,0
BRDA:363,24,1,0
BRDA:422,25,0,0
BRDA:422,25,1,0
BRDA:425,26,0,0
BRDA:425,26,1,0
BRDA:426,27,0,0
BRDA:426,27,1,0
BRDA:464,28,0,1
BRDA:464,28,1,1
BRDA:536,29,0,0
BRDA:536,29,1,0
BRF:61
BRH:12
end_of_record
TN:
SF:src\services\reports.service.ts
FN:14,(anonymous_1)
FN:37,(anonymous_2)
FNF:2
FNH:2
FNDA:3,(anonymous_1)
FNDA:3,(anonymous_2)
DA:1,2
DA:2,2
DA:4,2
DA:6,2
DA:15,3
DA:17,3
DA:19,3
DA:21,2
DA:23,2
DA:25,1
DA:26,1
DA:38,3
DA:40,3
DA:42,3
DA:44,2
DA:46,2
DA:48,1
DA:49,1
LF:18
LH:18
BRF:0
BRH:0
end_of_record
TN:
SF:src\services\token.service.ts
FN:12,enhanceTokenSecurity
FN:13,(anonymous_2)
FN:35,signAccessToken
FN:51,verifyAccessToken
FN:64,generateRefreshToken
FN:81,issueRefreshToken
FN:107,validateRefreshtoken
FN:112,(anonymous_8)
FNF:8
FNH:5
FNDA:6,enhanceTokenSecurity
FNDA:6,(anonymous_2)
FNDA:0,signAccessToken
FNDA:0,verifyAccessToken
FNDA:0,generateRefreshToken
FNDA:1,issueRefreshToken
FNDA:2,validateRefreshtoken
FNDA:1,(anonymous_8)
DA:1,3
DA:2,3
DA:3,3
DA:4,3
DA:5,3
DA:7,3
DA:9,3
DA:10,3
DA:13,6
DA:15,6
DA:16,6
DA:17,12000
DA:18,12000
DA:20,6
DA:35,3
DA:36,0
DA:38,0
DA:39,0
DA:40,0
DA:41,0
DA:43,0
DA:51,3
DA:52,0
DA:53,0
DA:54,0
DA:55,0
DA:57,0
DA:64,3
DA:65,0
DA:67,0
DA:68,0
DA:69,0
DA:70,0
DA:72,0
DA:81,3
DA:82,1
DA:83,1
DA:85,1
DA:87,1
DA:88,1
DA:90,1
DA:92,1
DA:107,3
DA:108,2
DA:109,2
DA:111,2
DA:112,2
DA:113,1
DA:118,2
DA:119,1
DA:120,1
DA:122,1
DA:123,1
DA:126,1
LF:54
LH:37
BRDA:113,0,0,1
BRDA:113,0,1,1
BRDA:113,0,2,1
BRDA:113,0,3,1
BRDA:123,1,0,1
BRDA:123,1,1,0
BRF:6
BRH:5
end_of_record
TN:
SF:src\utils\dateFilterUtils.ts
FN:11,buildDateFilterWhereClause
FNF:1
FNH:0
FNDA:0,buildDateFilterWhereClause
DA:11,4
DA:12,0
DA:14,0
DA:16,0
DA:17,0
DA:18,0
DA:20,0
DA:24,0
DA:25,0
DA:26,0
DA:28,0
DA:34,0
LF:12
LH:1
BRDA:16,0,0,0
BRDA:16,0,1,0
BRDA:16,1,0,0
BRDA:16,1,1,0
BRDA:24,2,0,0
BRDA:24,2,1,0
BRF:6
BRH:0
end_of_record
TN:
SF:src\utils\logger.ts
FN:27,(anonymous_1)
FNF:1
FNH:0
FNDA:0,(anonymous_1)
DA:1,1
DA:2,1
DA:3,1
DA:5,1
DA:13,1
DA:21,1
DA:23,1
DA:27,0
DA:31,1
DA:44,1
DA:51,1
DA:52,1
DA:53,1
DA:54,0
DA:57,1
LF:15
LH:13
BRDA:53,0,0,0
BRDA:53,0,1,1
BRF:2
BRH:1
end_of_record
TN:
SF:src\utils\openapi-test.util.ts
FN:8,validateOpenApiSpec
FN:43,(anonymous_2)
FNF:2
FNH:0
FNDA:0,validateOpenApiSpec
FNDA:0,(anonymous_2)
DA:1,0
DA:2,0
DA:8,0
DA:9,0
DA:10,0
DA:13,0
DA:14,0
DA:15,0
DA:18,0
DA:19,0
DA:20,0
DA:23,0
DA:24,0
DA:25,0
DA:28,0
DA:29,0
DA:30,0
DA:31,0
DA:32,0
DA:34,0
DA:36,0
DA:37,0
DA:42,0
DA:43,0
DA:44,0
DA:45,0
DA:46,0
DA:48,0
DA:49,0
LF:29
LH:0
BRDA:13,0,0,0
BRDA:13,0,1,0
BRDA:18,1,0,0
BRDA:18,1,1,0
BRDA:23,2,0,0
BRDA:23,2,1,0
BRDA:42,3,0,0
BRDA:42,3,1,0
BRDA:44,4,0,0
BRDA:44,4,1,0
BRF:10
BRH:0
end_of_record
TN:
SF:src\utils\response.util.ts
FN:10,sendSuccess
FN:23,sendError
FN:36,sendNotFound
FN:43,sendBadRequest
FN:50,sendUnauthorized
FN:57,sendForbidden
FNF:6
FNH:0
FNDA:0,sendSuccess
FNDA:0,sendError
FNDA:0,sendNotFound
FNDA:0,sendBadRequest
FNDA:0,sendUnauthorized
FNDA:0,sendForbidden
DA:10,4
DA:16,0
DA:23,4
DA:29,0
DA:36,4
DA:40,0
DA:43,4
DA:47,0
DA:50,4
DA:54,0
DA:57,4
DA:61,0
LF:12
LH:6
BRDA:14,0,0,0
BRDA:26,1,0,0
BRDA:38,2,0,0
BRDA:45,3,0,0
BRDA:52,4,0,0
BRDA:59,5,0,0
BRF:6
BRH:0
end_of_record
TN:
SF:src\utils\token.util.ts
FN:9,extractAndVerifyToken
FNF:1
FNH:0
FNDA:0,extractAndVerifyToken
DA:2,1
DA:9,1
DA:16,0
DA:17,0
DA:18,0
DA:19,0
DA:22,0
DA:23,0
DA:25,0
LF:9
LH:2
BRDA:18,0,0,0
BRDA:18,0,1,0
BRF:2
BRH:0
end_of_record
TN:
SF:src\utils\validation.util.ts
FN:15,validateRequired
FN:27,validateNonEmptyString
FN:39,validatePositiveInteger
FN:51,validateNonNegativeNumber
FN:65,validateOptionalInteger
FN:81,validateEmail
FN:98,validatePassword
FN:114,validateDate
FN:131,validateUUID
FNF:9
FNH:0
FNDA:0,validateRequired
FNDA:0,validateNonEmptyString
FNDA:0,validatePositiveInteger
FNDA:0,validateNonNegativeNumber
FNDA:0,validateOptionalInteger
FNDA:0,validateEmail
FNDA:0,validatePassword
FNDA:0,validateDate
FNDA:0,validateUUID
DA:7,0
DA:15,0
DA:16,0
DA:17,0
DA:27,0
DA:28,0
DA:29,0
DA:39,0
DA:40,0
DA:41,0
DA:51,0
DA:52,0
DA:53,0
DA:65,0
DA:66,0
DA:67,0
DA:70,0
DA:71,0
DA:81,0
DA:82,0
DA:83,0
DA:86,0
DA:87,0
DA:88,0
DA:98,0
DA:99,0
DA:100,0
DA:103,0
DA:104,0
DA:114,0
DA:115,0
DA:116,0
DA:119,0
DA:120,0
DA:121,0
DA:131,0
DA:132,0
DA:133,0
DA:136,0
DA:137,0
DA:138,0
DA:142,0
LF:42
LH:0
BRDA:16,0,0,0
BRDA:16,0,1,0
BRDA:16,1,0,0
BRDA:16,1,1,0
BRDA:16,1,2,0
BRDA:28,2,0,0
BRDA:28,2,1,0
BRDA:28,3,0,0
BRDA:28,3,1,0
BRDA:40,4,0,0
BRDA:40,4,1,0
BRDA:40,5,0,0
BRDA:40,5,1,0
BRDA:40,5,2,0
BRDA:40,5,3,0
BRDA:52,6,0,0
BRDA:52,6,1,0
BRDA:52,7,0,0
BRDA:52,7,1,0
BRDA:52,7,2,0
BRDA:66,8,0,0
BRDA:66,8,1,0
BRDA:66,9,0,0
BRDA:66,9,1,0
BRDA:70,10,0,0
BRDA:70,10,1,0
BRDA:70,11,0,0
BRDA:70,11,1,0
BRDA:70,11,2,0
BRDA:82,12,0,0
BRDA:82,12,1,0
BRDA:87,13,0,0
BRDA:87,13,1,0
BRDA:98,14,0,0
BRDA:99,15,0,0
BRDA:99,15,1,0
BRDA:103,16,0,0
BRDA:103,16,1,0
BRDA:115,17,0,0
BRDA:115,17,1,0
BRDA:119,18,0,0
BRDA:119,18,1,0
BRDA:120,19,0,0
BRDA:120,19,1,0
BRDA:120,20,0,0
BRDA:120,20,1,0
BRDA:132,21,0,0
BRDA:132,21,1,0
BRDA:137,22,0,0
BRDA:137,22,1,0
BRF:50
BRH:0
end_of_record
